Сборка начата 11.10.2021 18:51:42.
Уровень детализации журнала: Normal.     1>Проект "D:\University\ОС\Lab3\OS03_02\OS03_02.vcxproj" в узле 2 (целевые объекты Build).
     1>PrepareForBuild:
         Создание каталога "Release\OS03_02.tlog\".
       InitializeBuildStatus:
         Создание "Release\OS03_02.tlog\unsuccessfulbuild", так как было задано "AlwaysCreate".
       ClCompile:
         C:\Program Files (x86)\Microsoft Visual Studio\2019\Enterprise\VC\Tools\MSVC\14.29.30133\bin\HostX86\x86\CL.exe /c /Zi /nologo /W3 /WX- /diagnostics:column /sdl /O2 /Oi /Oy- /GL /D WIN32 /D NDEBUG /D _CONSOLE /D _UNICODE /D UNICODE /Gm- /EHsc /MD /GS /Gy /fp:precise /permissive- /Zc:wchar_t /Zc:forScope /Zc:inline /Fo"Release\\" /Fd"Release\vc142.pdb" /external:W3 /Gd /TP /analyze- /FC /errorReport:prompt OS03_02.cpp
         OS03_02.cpp
       Link:
         C:\Program Files (x86)\Microsoft Visual Studio\2019\Enterprise\VC\Tools\MSVC\14.29.30133\bin\HostX86\x86\link.exe /ERRORREPORT:PROMPT /OUT:"D:\University\ОС\Lab3\OS03_01\Release\OS03_02.exe" /INCREMENTAL:NO /NOLOGO kernel32.lib user32.lib gdi32.lib winspool.lib comdlg32.lib advapi32.lib shell32.lib ole32.lib oleaut32.lib uuid.lib odbc32.lib odbccp32.lib /MANIFEST /MANIFESTUAC:"level='asInvoker' uiAccess='false'" /manifest:embed /DEBUG /PDB:"D:\University\ОС\Lab3\OS03_01\Release\OS03_02.pdb" /SUBSYSTEM:CONSOLE /OPT:REF /OPT:ICF /LTCG:incremental /LTCGOUT:"Release\OS03_02.iobj" /TLBID:1 /DYNAMICBASE /NXCOMPAT /IMPLIB:"D:\University\ОС\Lab3\OS03_01\Release\OS03_02.lib" /MACHINE:X86 /SAFESEH Release\OS03_02.obj
         Создание кода
         Previous IPDB not found, fall back to full compilation.
         All 11 functions were compiled because no usable IPDB/IOBJ from previous compilation was found.
         Создание кода завершено
         OS03_02.vcxproj -> D:\University\ОС\Lab3\OS03_01\Release\OS03_02.exe
       FinalizeBuildStatus:
         Файл "Release\OS03_02.tlog\unsuccessfulbuild" удаляется.
         Обращение к "Release\OS03_02.tlog\OS03_02.lastbuildstate".
     1>Сборка проекта "D:\University\ОС\Lab3\OS03_02\OS03_02.vcxproj" завершена (целевые объекты Build).

Сборка успешно завершена.
    Предупреждений: 0
    Ошибок: 0

Прошло времени 00:00:02.33
