Сборка начата 11.10.2021 18:26:23.
Уровень детализации журнала: Normal.     1>Проект "D:\University\ОС\Lab3\OS03_01\OS03_01.vcxproj" в узле 2 (целевые объекты Build).
     1>InitializeBuildStatus:
         Создание "Release\OS03_01.tlog\unsuccessfulbuild", так как было задано "AlwaysCreate".
       ClCompile:
         C:\Program Files (x86)\Microsoft Visual Studio\2019\Enterprise\VC\Tools\MSVC\14.29.30133\bin\HostX86\x86\CL.exe /c /Zi /nologo /W3 /WX- /diagnostics:column /sdl /O2 /Oi /Oy- /GL /D WIN32 /D NDEBUG /D _CONSOLE /D _UNICODE /D UNICODE /Gm- /EHsc /MD /GS /Gy /fp:precise /permissive- /Zc:wchar_t /Zc:forScope /Zc:inline /Fo"Release\\" /Fd"Release\vc142.pdb" /external:W3 /Gd /TP /analyze- /FC /errorReport:prompt OS03_01.cpp
         OS03_01.cpp
       Link:
         C:\Program Files (x86)\Microsoft Visual Studio\2019\Enterprise\VC\Tools\MSVC\14.29.30133\bin\HostX86\x86\link.exe /ERRORREPORT:PROMPT /OUT:"D:\University\ОС\Lab3\OS03_01\Release\OS03_01.exe" /INCREMENTAL:NO /NOLOGO kernel32.lib user32.lib gdi32.lib winspool.lib comdlg32.lib advapi32.lib shell32.lib ole32.lib oleaut32.lib uuid.lib odbc32.lib odbccp32.lib /MANIFEST /MANIFESTUAC:"level='asInvoker' uiAccess='false'" /manifest:embed /DEBUG /PDB:"D:\University\ОС\Lab3\OS03_01\Release\OS03_01.pdb" /SUBSYSTEM:CONSOLE /OPT:REF /OPT:ICF /LTCG:incremental /LTCGOUT:"Release\OS03_01.iobj" /TLBID:1 /DYNAMICBASE /NXCOMPAT /IMPLIB:"D:\University\ОС\Lab3\OS03_01\Release\OS03_01.lib" /MACHINE:X86 /SAFESEH Release\OS03_01.obj
         Создание кода
         4 of 11 functions (36.4%) were compiled, the rest were copied from previous compilation.
           2 functions were new in current compilation
           2 functions had inline decision re-evaluated but remain unchanged
         Создание кода завершено
         OS03_01.vcxproj -> D:\University\ОС\Lab3\OS03_01\Release\OS03_01.exe
       FinalizeBuildStatus:
         Файл "Release\OS03_01.tlog\unsuccessfulbuild" удаляется.
         Обращение к "Release\OS03_01.tlog\OS03_01.lastbuildstate".
     1>Сборка проекта "D:\University\ОС\Lab3\OS03_01\OS03_01.vcxproj" завершена (целевые объекты Build).

Сборка успешно завершена.
    Предупреждений: 0
    Ошибок: 0

Прошло времени 00:00:01.94
